
Sat Feb 22 2025 16:24:48 GMT+0100 (heure normale d’Europe centrale)connect ECONNREFUSED 91.208.207.108:5000

Sat Feb 22 2025 16:24:49 GMT+0100 (heure normale d’Europe centrale)connect ECONNREFUSED 91.208.207.108:5000

Sat Feb 22 2025 16:24:49 GMT+0100 (heure normale d’Europe centrale)connect ECONNREFUSED 91.208.207.108:5000

Sat Feb 22 2025 16:24:49 GMT+0100 (heure normale d’Europe centrale)connect ECONNREFUSED 91.208.207.108:5000

Sat Feb 22 2025 16:24:49 GMT+0100 (heure normale d’Europe centrale)connect ECONNREFUSED 91.208.207.108:5000

Sat Feb 22 2025 16:24:50 GMT+0100 (heure normale d’Europe centrale)connect ECONNREFUSED 91.208.207.108:5000

Sat Feb 22 2025 16:24:50 GMT+0100 (heure normale d’Europe centrale)connect ECONNREFUSED 91.208.207.108:5000

Sat Feb 22 2025 16:27:29 GMT+0100 (heure normale d’Europe centrale)Server in action

Sat Feb 22 2025 16:27:51 GMT+0100 (heure normale d’Europe centrale)Server in action

Sat Feb 22 2025 16:30:09 GMT+0100 (heure normale d’Europe centrale)Database launched Successfully.

Sat Feb 22 2025 16:30:18 GMT+0100 (heure normale d’Europe centrale)Database launched Successfully.

Sat Feb 22 2025 16:30:18 GMT+0100 (heure normale d’Europe centrale)Query : SELECT id FROM ACCOUNTS WHERE username="test" OR username="test2" OR username="test3";

Sat Feb 22 2025 16:30:18 GMT+0100 (heure normale d’Europe centrale)Query : SELECT * FROM ACCOUNTS WHERE username="test";

Sat Feb 22 2025 16:30:18 GMT+0100 (heure normale d’Europe centrale)Query : SELECT * FROM ACCOUNTS WHERE email="email.test@test.com";
-----
 Query : INSERT INTO ACCOUNTS (id,username,email,password) VALUES ("$>{a(JicRF;S;a3","test","email.test@test.com","hhHHp$124$$mmM");
 Date : Sat Feb 22 2025 16:30:18 GMT+0100 (heure normale d’Europe centrale)
-----

Sat Feb 22 2025 16:30:18 GMT+0100 (heure normale d’Europe centrale)Query : SELECT * FROM ACCOUNTS WHERE id="$>{a(JicRF;S;a3" and username="test";

Sat Feb 22 2025 16:30:19 GMT+0100 (heure normale d’Europe centrale)Query : SELECT * FROM ACCOUNTS WHERE id="$>{a(JicRF;S;a3" and username="test";

Sat Feb 22 2025 16:30:19 GMT+0100 (heure normale d’Europe centrale)Query : SELECT * FROM ACCOUNTS WHERE EMAIL="email.test@test.com" AND PASSWORD="hhHHp$124$$mmM";

Sat Feb 22 2025 16:30:19 GMT+0100 (heure normale d’Europe centrale)-----
 Query : UPDATE ACCOUNTS SET logged_in_at = CURRENT_TIMESTAMP WHERE email="email.test@test.com" AND password="hhHHp$124$$mmM";
 Date : Sat Feb 22 2025 16:30:19 GMT+0100 (heure normale d’Europe centrale)
-----


Sat Feb 22 2025 16:30:19 GMT+0100 (heure normale d’Europe centrale)Query : SELECT id FROM ACCOUNTS WHERE email="email.test@test.com" AND password="hhHHp$124$$mmM";

Sat Feb 22 2025 16:30:19 GMT+0100 (heure normale d’Europe centrale)Query : SELECT username FROM ACCOUNTS WHERE id="$>{a(JicRF;S;a3" and email="email.test@test.com" ;

Sat Feb 22 2025 16:30:19 GMT+0100 (heure normale d’Europe centrale)Query : SELECT * FROM ACCOUNTS WHERE USERNAME="test" AND PASSWORD="hhHHp$124$$mmM";

Sat Feb 22 2025 16:30:19 GMT+0100 (heure normale d’Europe centrale)-----
 Query : UPDATE ACCOUNTS SET logged_in_at = CURRENT_TIMESTAMP WHERE username="test" AND password="hhHHp$124$$mmM";
 Date : Sat Feb 22 2025 16:30:19 GMT+0100 (heure normale d’Europe centrale)
-----


Sat Feb 22 2025 16:30:19 GMT+0100 (heure normale d’Europe centrale)Query : SELECT id FROM ACCOUNTS WHERE  username="test" AND password="hhHHp$124$$mmM";

Sat Feb 22 2025 16:30:19 GMT+0100 (heure normale d’Europe centrale)Query : SELECT * FROM ACCOUNTS WHERE id="$>{a(JicRF;S;a3" and username="test";

Sat Feb 22 2025 16:30:20 GMT+0100 (heure normale d’Europe centrale)Query : SELECT email FROM ACCOUNTS WHERE  username="test" and id="$>{a(JicRF;S;a3";

Sat Feb 22 2025 16:30:20 GMT+0100 (heure normale d’Europe centrale)Query : SELECT * FROM ACCOUNTS WHERE id="$>{a(JicRF;S;a3" and username="test";

Sat Feb 22 2025 16:30:20 GMT+0100 (heure normale d’Europe centrale)Query : SELECT * FROM ACCOUNTS WHERE username="test2";

Sat Feb 22 2025 16:30:20 GMT+0100 (heure normale d’Europe centrale)Query : UPDATE ACCOUNTS SET username="test2" WHERE id="$>{a(JicRF;S;a3" AND username="test";

Sat Feb 22 2025 16:30:20 GMT+0100 (heure normale d’Europe centrale)Query : SELECT * FROM ACCOUNTS WHERE id="$>{a(JicRF;S;a3" and username="test2";

Sat Feb 22 2025 16:30:20 GMT+0100 (heure normale d’Europe centrale)Query : SELECT * FROM ACCOUNTS WHERE email="email.test2@test.com";

Sat Feb 22 2025 16:30:20 GMT+0100 (heure normale d’Europe centrale)Query :  UPDATE ACCOUNTS SET email="email.test2@test.com" WHERE id="$>{a(JicRF;S;a3" AND username="test2";

Sat Feb 22 2025 16:30:20 GMT+0100 (heure normale d’Europe centrale)Query : SELECT * FROM ACCOUNTS WHERE id="$>{a(JicRF;S;a3" and username="test2";

Sat Feb 22 2025 16:30:20 GMT+0100 (heure normale d’Europe centrale)Query : SELECT * FROM ACCOUNTS WHERE email="email.test3@test.com";

Sat Feb 22 2025 16:30:20 GMT+0100 (heure normale d’Europe centrale)Query : SELECT * FROM ACCOUNTS WHERE username="test3";

Sat Feb 22 2025 16:30:20 GMT+0100 (heure normale d’Europe centrale)Query :  UPDATE ACCOUNTS SET username="test3", email="email.test3@test.com" WHERE id="$>{a(JicRF;S;a3" AND username="test2";

Sat Feb 22 2025 16:30:21 GMT+0100 (heure normale d’Europe centrale)Query : SELECT * FROM ACCOUNTS WHERE id="$>{a(JicRF;S;a3" and username="test3";

Sat Feb 22 2025 16:30:21 GMT+0100 (heure normale d’Europe centrale)Query : SELECT * FROM ACCOUNTS WHERE id="$>{a(JicRF;S;a3" and username="test3" and password="hhHHp$124$$mmM";

Sat Feb 22 2025 16:30:21 GMT+0100 (heure normale d’Europe centrale)-----
 Query : UPDATE ACCOUNTS SET password="$aHMp1$`lgto23F" WHERE id="$>{a(JicRF;S;a3" AND username="test3" AND password="hhHHp$124$$mmM";
 Date : Sat Feb 22 2025 16:30:21 GMT+0100 (heure normale d’Europe centrale)
-----


Sat Feb 22 2025 16:30:21 GMT+0100 (heure normale d’Europe centrale)Query : UPDATE ACCOUNTS SET password_updated_at = CURRENT_TIMESTAMP 

Sat Feb 22 2025 16:30:21 GMT+0100 (heure normale d’Europe centrale)Query : SELECT * FROM ACCOUNTS WHERE id="$>{a(JicRF;S;a3" and username="test3";

Sat Feb 22 2025 16:30:21 GMT+0100 (heure normale d’Europe centrale)Query : SELECT * FROM ACCOUNTS WHERE USERNAME="test3" AND PASSWORD="$aHMp1$`lgto23F";

Sat Feb 22 2025 16:30:21 GMT+0100 (heure normale d’Europe centrale)-----
 Query : UPDATE ACCOUNTS SET logged_in_at = CURRENT_TIMESTAMP WHERE username="test3" AND password="$aHMp1$`lgto23F";
 Date : Sat Feb 22 2025 16:30:21 GMT+0100 (heure normale d’Europe centrale)
-----


Sat Feb 22 2025 16:30:21 GMT+0100 (heure normale d’Europe centrale)Query : SELECT id FROM ACCOUNTS WHERE  username="test3" AND password="$aHMp1$`lgto23F";

Sat Feb 22 2025 16:30:21 GMT+0100 (heure normale d’Europe centrale)Query : SELECT * FROM ACCOUNTS WHERE id="$>{a(JicRF;S;a3" and username="test3";

Sat Feb 22 2025 16:30:21 GMT+0100 (heure normale d’Europe centrale)Query : DELETE FROM ACCOUNTS WHERE id="$>{a(JicRF;S;a3";

Sat Feb 22 2025 16:32:17 GMT+0100 (heure normale d’Europe centrale)Database launched Successfully.

Sat Feb 22 2025 16:32:18 GMT+0100 (heure normale d’Europe centrale)Query : SELECT id FROM ACCOUNTS WHERE username="test" OR username="test2" OR username="test3";

Sat Feb 22 2025 16:32:19 GMT+0100 (heure normale d’Europe centrale)Query : SELECT * FROM ACCOUNTS WHERE username="test";

Sat Feb 22 2025 16:32:19 GMT+0100 (heure normale d’Europe centrale)Query : SELECT * FROM ACCOUNTS WHERE email="email.test@test.com";
-----
 Query : INSERT INTO ACCOUNTS (id,username,email,password) VALUES ("Qr.343uLNc]MTK]","test","email.test@test.com","hhHHp$124$$mmM");
 Date : Sat Feb 22 2025 16:32:19 GMT+0100 (heure normale d’Europe centrale)
-----

Sat Feb 22 2025 16:32:19 GMT+0100 (heure normale d’Europe centrale)Query : SELECT * FROM ACCOUNTS WHERE id="Qr.343uLNc]MTK]" and username="test";

Sat Feb 22 2025 16:32:19 GMT+0100 (heure normale d’Europe centrale)Query : SELECT * FROM ACCOUNTS WHERE id="Qr.343uLNc]MTK]" and username="test";

Sat Feb 22 2025 16:32:19 GMT+0100 (heure normale d’Europe centrale)Query : SELECT * FROM ACCOUNTS WHERE EMAIL="email.test@test.com" AND PASSWORD="hhHHp$124$$mmM";

Sat Feb 22 2025 16:32:20 GMT+0100 (heure normale d’Europe centrale)-----
 Query : UPDATE ACCOUNTS SET logged_in_at = CURRENT_TIMESTAMP WHERE email="email.test@test.com" AND password="hhHHp$124$$mmM";
 Date : Sat Feb 22 2025 16:32:20 GMT+0100 (heure normale d’Europe centrale)
-----


Sat Feb 22 2025 16:32:20 GMT+0100 (heure normale d’Europe centrale)Query : SELECT id FROM ACCOUNTS WHERE email="email.test@test.com" AND password="hhHHp$124$$mmM";

Sat Feb 22 2025 16:32:20 GMT+0100 (heure normale d’Europe centrale)Query : SELECT username FROM ACCOUNTS WHERE id="Qr.343uLNc]MTK]" and email="email.test@test.com" ;

Sat Feb 22 2025 16:32:20 GMT+0100 (heure normale d’Europe centrale)Query : SELECT * FROM ACCOUNTS WHERE USERNAME="test" AND PASSWORD="hhHHp$124$$mmM";

Sat Feb 22 2025 16:32:20 GMT+0100 (heure normale d’Europe centrale)-----
 Query : UPDATE ACCOUNTS SET logged_in_at = CURRENT_TIMESTAMP WHERE username="test" AND password="hhHHp$124$$mmM";
 Date : Sat Feb 22 2025 16:32:20 GMT+0100 (heure normale d’Europe centrale)
-----


Sat Feb 22 2025 16:32:21 GMT+0100 (heure normale d’Europe centrale)Query : SELECT id FROM ACCOUNTS WHERE  username="test" AND password="hhHHp$124$$mmM";

Sat Feb 22 2025 16:32:21 GMT+0100 (heure normale d’Europe centrale)Query : SELECT * FROM ACCOUNTS WHERE id="Qr.343uLNc]MTK]" and username="test";

Sat Feb 22 2025 16:32:21 GMT+0100 (heure normale d’Europe centrale)Query : SELECT email FROM ACCOUNTS WHERE  username="test" and id="Qr.343uLNc]MTK]";

Sat Feb 22 2025 16:32:21 GMT+0100 (heure normale d’Europe centrale)Query : SELECT * FROM ACCOUNTS WHERE id="Qr.343uLNc]MTK]" and username="test";

Sat Feb 22 2025 16:32:21 GMT+0100 (heure normale d’Europe centrale)Query : SELECT * FROM ACCOUNTS WHERE username="test2";

Sat Feb 22 2025 16:32:21 GMT+0100 (heure normale d’Europe centrale)Query : UPDATE ACCOUNTS SET username="test2" WHERE id="Qr.343uLNc]MTK]" AND username="test";

Sat Feb 22 2025 16:32:22 GMT+0100 (heure normale d’Europe centrale)Query : SELECT * FROM ACCOUNTS WHERE id="Qr.343uLNc]MTK]" and username="test2";

Sat Feb 22 2025 16:32:22 GMT+0100 (heure normale d’Europe centrale)Query : SELECT * FROM ACCOUNTS WHERE email="email.test2@test.com";

Sat Feb 22 2025 16:32:22 GMT+0100 (heure normale d’Europe centrale)Query :  UPDATE ACCOUNTS SET email="email.test2@test.com" WHERE id="Qr.343uLNc]MTK]" AND username="test2";

Sat Feb 22 2025 16:32:22 GMT+0100 (heure normale d’Europe centrale)Query : SELECT * FROM ACCOUNTS WHERE id="Qr.343uLNc]MTK]" and username="test2";

Sat Feb 22 2025 16:32:22 GMT+0100 (heure normale d’Europe centrale)Query : SELECT * FROM ACCOUNTS WHERE email="email.test3@test.com";

Sat Feb 22 2025 16:32:22 GMT+0100 (heure normale d’Europe centrale)Query : SELECT * FROM ACCOUNTS WHERE username="test3";

Sat Feb 22 2025 16:32:22 GMT+0100 (heure normale d’Europe centrale)Query :  UPDATE ACCOUNTS SET username="test3", email="email.test3@test.com" WHERE id="Qr.343uLNc]MTK]" AND username="test2";

Sat Feb 22 2025 16:32:22 GMT+0100 (heure normale d’Europe centrale)Query : SELECT * FROM ACCOUNTS WHERE id="Qr.343uLNc]MTK]" and username="test3";

Sat Feb 22 2025 16:32:23 GMT+0100 (heure normale d’Europe centrale)Query : SELECT * FROM ACCOUNTS WHERE id="Qr.343uLNc]MTK]" and username="test3" and password="hhHHp$124$$mmM";

Sat Feb 22 2025 16:32:23 GMT+0100 (heure normale d’Europe centrale)-----
 Query : UPDATE ACCOUNTS SET password="$aHMp1$`lgto23F" WHERE id="Qr.343uLNc]MTK]" AND username="test3" AND password="hhHHp$124$$mmM";
 Date : Sat Feb 22 2025 16:32:23 GMT+0100 (heure normale d’Europe centrale)
-----


Sat Feb 22 2025 16:32:23 GMT+0100 (heure normale d’Europe centrale)Query : UPDATE ACCOUNTS SET password_updated_at = CURRENT_TIMESTAMP 

Sat Feb 22 2025 16:32:23 GMT+0100 (heure normale d’Europe centrale)Query : SELECT * FROM ACCOUNTS WHERE id="Qr.343uLNc]MTK]" and username="test3";

Sat Feb 22 2025 16:32:23 GMT+0100 (heure normale d’Europe centrale)Query : SELECT * FROM ACCOUNTS WHERE USERNAME="test3" AND PASSWORD="$aHMp1$`lgto23F";

Sat Feb 22 2025 16:32:23 GMT+0100 (heure normale d’Europe centrale)-----
 Query : UPDATE ACCOUNTS SET logged_in_at = CURRENT_TIMESTAMP WHERE username="test3" AND password="$aHMp1$`lgto23F";
 Date : Sat Feb 22 2025 16:32:23 GMT+0100 (heure normale d’Europe centrale)
-----


Sat Feb 22 2025 16:32:24 GMT+0100 (heure normale d’Europe centrale)Query : SELECT id FROM ACCOUNTS WHERE  username="test3" AND password="$aHMp1$`lgto23F";

Sat Feb 22 2025 16:32:24 GMT+0100 (heure normale d’Europe centrale)Query : SELECT * FROM ACCOUNTS WHERE id="Qr.343uLNc]MTK]" and username="test3";

Sat Feb 22 2025 16:32:24 GMT+0100 (heure normale d’Europe centrale)Query : DELETE FROM ACCOUNTS WHERE id="Qr.343uLNc]MTK]";

Sat Feb 22 2025 16:33:30 GMT+0100 (heure normale d’Europe centrale)Database launched Successfully.

Sat Feb 22 2025 16:33:30 GMT+0100 (heure normale d’Europe centrale)Query : SELECT id FROM ACCOUNTS WHERE username="test" OR username="test2" OR username="test3";

Sat Feb 22 2025 16:33:31 GMT+0100 (heure normale d’Europe centrale)Query : SELECT * FROM ACCOUNTS WHERE username="test";

Sat Feb 22 2025 16:33:31 GMT+0100 (heure normale d’Europe centrale)Query : SELECT * FROM ACCOUNTS WHERE email="email.test@test.com";
-----
 Query : INSERT INTO ACCOUNTS (id,username,email,password) VALUES ("meDBruQ=V04MQ~V","test","email.test@test.com","hhHHp$124$$mmM");
 Date : Sat Feb 22 2025 16:33:31 GMT+0100 (heure normale d’Europe centrale)
-----

Sat Feb 22 2025 16:33:31 GMT+0100 (heure normale d’Europe centrale)Query : SELECT * FROM ACCOUNTS WHERE id="meDBruQ=V04MQ~V" and username="test";

Sat Feb 22 2025 16:33:31 GMT+0100 (heure normale d’Europe centrale)Query : SELECT * FROM ACCOUNTS WHERE id="meDBruQ=V04MQ~V" and username="test";

Sat Feb 22 2025 16:33:32 GMT+0100 (heure normale d’Europe centrale)Query : SELECT * FROM ACCOUNTS WHERE EMAIL="email.test@test.com" AND PASSWORD="hhHHp$124$$mmM";

Sat Feb 22 2025 16:33:32 GMT+0100 (heure normale d’Europe centrale)-----
 Query : UPDATE ACCOUNTS SET logged_in_at = CURRENT_TIMESTAMP WHERE email="email.test@test.com" AND password="hhHHp$124$$mmM";
 Date : Sat Feb 22 2025 16:33:32 GMT+0100 (heure normale d’Europe centrale)
-----


Sat Feb 22 2025 16:33:32 GMT+0100 (heure normale d’Europe centrale)Query : SELECT id FROM ACCOUNTS WHERE email="email.test@test.com" AND password="hhHHp$124$$mmM";

Sat Feb 22 2025 16:33:33 GMT+0100 (heure normale d’Europe centrale)Query : SELECT username FROM ACCOUNTS WHERE id="meDBruQ=V04MQ~V" and email="email.test@test.com" ;

Sat Feb 22 2025 16:33:33 GMT+0100 (heure normale d’Europe centrale)Query : SELECT * FROM ACCOUNTS WHERE USERNAME="test" AND PASSWORD="hhHHp$124$$mmM";

Sat Feb 22 2025 16:33:33 GMT+0100 (heure normale d’Europe centrale)-----
 Query : UPDATE ACCOUNTS SET logged_in_at = CURRENT_TIMESTAMP WHERE username="test" AND password="hhHHp$124$$mmM";
 Date : Sat Feb 22 2025 16:33:33 GMT+0100 (heure normale d’Europe centrale)
-----


Sat Feb 22 2025 16:33:33 GMT+0100 (heure normale d’Europe centrale)Query : SELECT id FROM ACCOUNTS WHERE  username="test" AND password="hhHHp$124$$mmM";

Sat Feb 22 2025 16:33:34 GMT+0100 (heure normale d’Europe centrale)Query : SELECT * FROM ACCOUNTS WHERE id="meDBruQ=V04MQ~V" and username="test";

Sat Feb 22 2025 16:33:34 GMT+0100 (heure normale d’Europe centrale)Query : SELECT email FROM ACCOUNTS WHERE  username="test" and id="meDBruQ=V04MQ~V";

Sat Feb 22 2025 16:33:34 GMT+0100 (heure normale d’Europe centrale)Query : SELECT * FROM ACCOUNTS WHERE id="meDBruQ=V04MQ~V" and username="test";

Sat Feb 22 2025 16:33:34 GMT+0100 (heure normale d’Europe centrale)Query : SELECT * FROM ACCOUNTS WHERE username="test2";

Sat Feb 22 2025 16:33:34 GMT+0100 (heure normale d’Europe centrale)Query : UPDATE ACCOUNTS SET username="test2" WHERE id="meDBruQ=V04MQ~V" AND username="test";

Sat Feb 22 2025 16:33:34 GMT+0100 (heure normale d’Europe centrale)Query : SELECT * FROM ACCOUNTS WHERE id="meDBruQ=V04MQ~V" and username="test2";

Sat Feb 22 2025 16:33:35 GMT+0100 (heure normale d’Europe centrale)Query : SELECT * FROM ACCOUNTS WHERE email="email.test2@test.com";

Sat Feb 22 2025 16:33:35 GMT+0100 (heure normale d’Europe centrale)Query :  UPDATE ACCOUNTS SET email="email.test2@test.com" WHERE id="meDBruQ=V04MQ~V" AND username="test2";

Sat Feb 22 2025 16:33:35 GMT+0100 (heure normale d’Europe centrale)Query : SELECT * FROM ACCOUNTS WHERE id="meDBruQ=V04MQ~V" and username="test2";

Sat Feb 22 2025 16:33:35 GMT+0100 (heure normale d’Europe centrale)Query : SELECT * FROM ACCOUNTS WHERE email="email.test3@test.com";

Sat Feb 22 2025 16:33:35 GMT+0100 (heure normale d’Europe centrale)Query : SELECT * FROM ACCOUNTS WHERE username="test3";

Sat Feb 22 2025 16:33:35 GMT+0100 (heure normale d’Europe centrale)Query :  UPDATE ACCOUNTS SET username="test3", email="email.test3@test.com" WHERE id="meDBruQ=V04MQ~V" AND username="test2";

Sat Feb 22 2025 16:33:35 GMT+0100 (heure normale d’Europe centrale)Query : SELECT * FROM ACCOUNTS WHERE id="meDBruQ=V04MQ~V" and username="test3";

Sat Feb 22 2025 16:33:35 GMT+0100 (heure normale d’Europe centrale)Query : SELECT * FROM ACCOUNTS WHERE id="meDBruQ=V04MQ~V" and username="test3" and password="hhHHp$124$$mmM";

Sat Feb 22 2025 16:33:35 GMT+0100 (heure normale d’Europe centrale)-----
 Query : UPDATE ACCOUNTS SET password="$aHMp1$`lgto23F" WHERE id="meDBruQ=V04MQ~V" AND username="test3" AND password="hhHHp$124$$mmM";
 Date : Sat Feb 22 2025 16:33:35 GMT+0100 (heure normale d’Europe centrale)
-----


Sat Feb 22 2025 16:33:36 GMT+0100 (heure normale d’Europe centrale)Query : UPDATE ACCOUNTS SET password_updated_at = CURRENT_TIMESTAMP 

Sat Feb 22 2025 16:33:36 GMT+0100 (heure normale d’Europe centrale)Query : SELECT * FROM ACCOUNTS WHERE id="meDBruQ=V04MQ~V" and username="test3";

Sat Feb 22 2025 16:33:36 GMT+0100 (heure normale d’Europe centrale)Query : SELECT * FROM ACCOUNTS WHERE USERNAME="test3" AND PASSWORD="$aHMp1$`lgto23F";

Sat Feb 22 2025 16:33:36 GMT+0100 (heure normale d’Europe centrale)-----
 Query : UPDATE ACCOUNTS SET logged_in_at = CURRENT_TIMESTAMP WHERE username="test3" AND password="$aHMp1$`lgto23F";
 Date : Sat Feb 22 2025 16:33:36 GMT+0100 (heure normale d’Europe centrale)
-----


Sat Feb 22 2025 16:33:36 GMT+0100 (heure normale d’Europe centrale)Query : SELECT id FROM ACCOUNTS WHERE  username="test3" AND password="$aHMp1$`lgto23F";

Sat Feb 22 2025 16:33:36 GMT+0100 (heure normale d’Europe centrale)Query : SELECT * FROM ACCOUNTS WHERE id="meDBruQ=V04MQ~V" and username="test3";

Sat Feb 22 2025 16:33:36 GMT+0100 (heure normale d’Europe centrale)Query : DELETE FROM ACCOUNTS WHERE id="meDBruQ=V04MQ~V";

Sat Feb 22 2025 16:36:56 GMT+0100 (heure normale d’Europe centrale)Database launched Successfully.

Sat Feb 22 2025 16:36:56 GMT+0100 (heure normale d’Europe centrale)Query : SELECT id FROM ACCOUNTS WHERE username="test" OR username="test2" OR username="test3";

Sat Feb 22 2025 16:36:56 GMT+0100 (heure normale d’Europe centrale)Query : SELECT * FROM ACCOUNTS WHERE username="test";

Sat Feb 22 2025 16:36:57 GMT+0100 (heure normale d’Europe centrale)Query : SELECT * FROM ACCOUNTS WHERE email="email.test@test.com";
-----
 Query : INSERT INTO ACCOUNTS (id,username,email,password) VALUES ("g7]YJ0geW&YFPWN","test","email.test@test.com","hhHHp$124$$mmM");
 Date : Sat Feb 22 2025 16:36:57 GMT+0100 (heure normale d’Europe centrale)
-----

Sat Feb 22 2025 16:36:57 GMT+0100 (heure normale d’Europe centrale)Query : SELECT * FROM ACCOUNTS WHERE id="g7]YJ0geW&YFPWN" and username="test";

Sat Feb 22 2025 16:36:57 GMT+0100 (heure normale d’Europe centrale)Query : SELECT * FROM ACCOUNTS WHERE id="g7]YJ0geW&YFPWN" and username="test";

Sat Feb 22 2025 16:36:57 GMT+0100 (heure normale d’Europe centrale)Query : SELECT * FROM ACCOUNTS WHERE EMAIL="email.test@test.com" AND PASSWORD="hhHHp$124$$mmM";

Sat Feb 22 2025 16:36:57 GMT+0100 (heure normale d’Europe centrale)-----
 Query : UPDATE ACCOUNTS SET logged_in_at = CURRENT_TIMESTAMP WHERE email="email.test@test.com" AND password="hhHHp$124$$mmM";
 Date : Sat Feb 22 2025 16:36:57 GMT+0100 (heure normale d’Europe centrale)
-----


Sat Feb 22 2025 16:36:57 GMT+0100 (heure normale d’Europe centrale)Query : SELECT id FROM ACCOUNTS WHERE email="email.test@test.com" AND password="hhHHp$124$$mmM";

Sat Feb 22 2025 16:36:57 GMT+0100 (heure normale d’Europe centrale)Query : SELECT username FROM ACCOUNTS WHERE id="g7]YJ0geW&YFPWN" and email="email.test@test.com" ;

Sat Feb 22 2025 16:36:58 GMT+0100 (heure normale d’Europe centrale)Query : SELECT * FROM ACCOUNTS WHERE USERNAME="test" AND PASSWORD="hhHHp$124$$mmM";

Sat Feb 22 2025 16:36:58 GMT+0100 (heure normale d’Europe centrale)-----
 Query : UPDATE ACCOUNTS SET logged_in_at = CURRENT_TIMESTAMP WHERE username="test" AND password="hhHHp$124$$mmM";
 Date : Sat Feb 22 2025 16:36:58 GMT+0100 (heure normale d’Europe centrale)
-----


Sat Feb 22 2025 16:36:58 GMT+0100 (heure normale d’Europe centrale)Query : SELECT id FROM ACCOUNTS WHERE  username="test" AND password="hhHHp$124$$mmM";

Sat Feb 22 2025 16:36:58 GMT+0100 (heure normale d’Europe centrale)Query : SELECT * FROM ACCOUNTS WHERE id="g7]YJ0geW&YFPWN" and username="test";

Sat Feb 22 2025 16:36:58 GMT+0100 (heure normale d’Europe centrale)Query : SELECT email FROM ACCOUNTS WHERE  username="test" and id="g7]YJ0geW&YFPWN";

Sat Feb 22 2025 16:36:58 GMT+0100 (heure normale d’Europe centrale)Query : SELECT * FROM ACCOUNTS WHERE id="g7]YJ0geW&YFPWN" and username="test";

Sat Feb 22 2025 16:36:58 GMT+0100 (heure normale d’Europe centrale)Query : SELECT * FROM ACCOUNTS WHERE username="test2";

Sat Feb 22 2025 16:36:58 GMT+0100 (heure normale d’Europe centrale)Query : UPDATE ACCOUNTS SET username="test2" WHERE id="g7]YJ0geW&YFPWN" AND username="test";

Sat Feb 22 2025 16:36:58 GMT+0100 (heure normale d’Europe centrale)Query : SELECT * FROM ACCOUNTS WHERE id="g7]YJ0geW&YFPWN" and username="test2";

Sat Feb 22 2025 16:36:58 GMT+0100 (heure normale d’Europe centrale)Query : SELECT * FROM ACCOUNTS WHERE email="email.test2@test.com";

Sat Feb 22 2025 16:36:59 GMT+0100 (heure normale d’Europe centrale)Query :  UPDATE ACCOUNTS SET email="email.test2@test.com" WHERE id="g7]YJ0geW&YFPWN" AND username="test2";

Sat Feb 22 2025 16:36:59 GMT+0100 (heure normale d’Europe centrale)Query : SELECT * FROM ACCOUNTS WHERE id="g7]YJ0geW&YFPWN" and username="test2";

Sat Feb 22 2025 16:36:59 GMT+0100 (heure normale d’Europe centrale)Query : SELECT * FROM ACCOUNTS WHERE email="email.test3@test.com";

Sat Feb 22 2025 16:36:59 GMT+0100 (heure normale d’Europe centrale)Query : SELECT * FROM ACCOUNTS WHERE username="test3";

Sat Feb 22 2025 16:36:59 GMT+0100 (heure normale d’Europe centrale)Query :  UPDATE ACCOUNTS SET username="test3", email="email.test3@test.com" WHERE id="g7]YJ0geW&YFPWN" AND username="test2";

Sat Feb 22 2025 16:36:59 GMT+0100 (heure normale d’Europe centrale)Query : SELECT * FROM ACCOUNTS WHERE id="g7]YJ0geW&YFPWN" and username="test3";

Sat Feb 22 2025 16:36:59 GMT+0100 (heure normale d’Europe centrale)Query : SELECT * FROM ACCOUNTS WHERE id="g7]YJ0geW&YFPWN" and username="test3" and password="hhHHp$124$$mmM";

Sat Feb 22 2025 16:36:59 GMT+0100 (heure normale d’Europe centrale)-----
 Query : UPDATE ACCOUNTS SET password="$aHMp1$`lgto23F" WHERE id="g7]YJ0geW&YFPWN" AND username="test3" AND password="hhHHp$124$$mmM";
 Date : Sat Feb 22 2025 16:36:59 GMT+0100 (heure normale d’Europe centrale)
-----


Sat Feb 22 2025 16:36:59 GMT+0100 (heure normale d’Europe centrale)Query : UPDATE ACCOUNTS SET password_updated_at = CURRENT_TIMESTAMP 

Sat Feb 22 2025 16:36:59 GMT+0100 (heure normale d’Europe centrale)Query : SELECT * FROM ACCOUNTS WHERE id="g7]YJ0geW&YFPWN" and username="test3";

Sat Feb 22 2025 16:37:00 GMT+0100 (heure normale d’Europe centrale)Query : SELECT * FROM ACCOUNTS WHERE USERNAME="test3" AND PASSWORD="$aHMp1$`lgto23F";

Sat Feb 22 2025 16:37:00 GMT+0100 (heure normale d’Europe centrale)-----
 Query : UPDATE ACCOUNTS SET logged_in_at = CURRENT_TIMESTAMP WHERE username="test3" AND password="$aHMp1$`lgto23F";
 Date : Sat Feb 22 2025 16:37:00 GMT+0100 (heure normale d’Europe centrale)
-----


Sat Feb 22 2025 16:37:00 GMT+0100 (heure normale d’Europe centrale)Query : SELECT id FROM ACCOUNTS WHERE  username="test3" AND password="$aHMp1$`lgto23F";

Sat Feb 22 2025 16:37:00 GMT+0100 (heure normale d’Europe centrale)Query : SELECT * FROM ACCOUNTS WHERE id="g7]YJ0geW&YFPWN" and username="test3";

Sat Feb 22 2025 16:37:00 GMT+0100 (heure normale d’Europe centrale)Query : DELETE FROM ACCOUNTS WHERE id="g7]YJ0geW&YFPWN";

Sat Feb 22 2025 17:14:07 GMT+0100 (heure normale d’Europe centrale)Server in action

Sat Feb 22 2025 17:14:13 GMT+0100 (heure normale d’Europe centrale)Database launched Successfully.

Sat Feb 22 2025 17:18:37 GMT+0100 (heure normale d’Europe centrale)Server in action

Sat Feb 22 2025 17:18:39 GMT+0100 (heure normale d’Europe centrale)Database launched Successfully.

Sat Feb 22 2025 17:21:27 GMT+0100 (heure normale d’Europe centrale)Server in action

Sat Feb 22 2025 17:21:28 GMT+0100 (heure normale d’Europe centrale)Database launched Successfully.

Sat Feb 22 2025 17:21:39 GMT+0100 (heure normale d’Europe centrale)Server in action

Sat Feb 22 2025 17:21:40 GMT+0100 (heure normale d’Europe centrale)Database launched Successfully.

Sat Feb 22 2025 17:24:25 GMT+0100 (heure normale d’Europe centrale)Server in action

Sat Feb 22 2025 17:24:26 GMT+0100 (heure normale d’Europe centrale)Database launched Successfully.

Sat Feb 22 2025 17:24:40 GMT+0100 (heure normale d’Europe centrale)Query : SELECT * FROM ACCOUNTS WHERE username="mmm";

Sat Feb 22 2025 17:24:40 GMT+0100 (heure normale d’Europe centrale)Query : SELECT * FROM ACCOUNTS WHERE email="mmm.mm@mm.mm";
-----
 Query : INSERT INTO ACCOUNTS (id,username,email,password) VALUES ("_x{z&G&D05LsAHn","mmm","mmm.mm@mm.mm","$Gy12345mmlvpl$");
 Date : Sat Feb 22 2025 17:24:40 GMT+0100 (heure normale d’Europe centrale)
-----

Sat Feb 22 2025 17:25:01 GMT+0100 (heure normale d’Europe centrale)Server in action

Sat Feb 22 2025 17:25:02 GMT+0100 (heure normale d’Europe centrale)Database launched Successfully.

Sat Feb 22 2025 17:25:08 GMT+0100 (heure normale d’Europe centrale)Query : SELECT * FROM ACCOUNTS WHERE id="_x{z&G&D05LsAHn" and username="mmm";

Sat Feb 22 2025 17:25:17 GMT+0100 (heure normale d’Europe centrale)Query : SELECT * FROM ACCOUNTS WHERE id="_x{z&G&D05LsAHn" and username="mmm";

Sat Feb 22 2025 17:25:29 GMT+0100 (heure normale d’Europe centrale)Query : SELECT * FROM ACCOUNTS WHERE EMAIL="mmm.mm@mm.mm" AND PASSWORD="$Gy12345mmlvpl$";

Sat Feb 22 2025 17:25:30 GMT+0100 (heure normale d’Europe centrale)-----
 Query : UPDATE ACCOUNTS SET logged_in_at = CURRENT_TIMESTAMP WHERE email="mmm.mm@mm.mm" AND password="$Gy12345mmlvpl$";
 Date : Sat Feb 22 2025 17:25:30 GMT+0100 (heure normale d’Europe centrale)
-----


Sat Feb 22 2025 17:25:30 GMT+0100 (heure normale d’Europe centrale)Query : SELECT id FROM ACCOUNTS WHERE email="mmm.mm@mm.mm" AND password="$Gy12345mmlvpl$";

Sat Feb 22 2025 17:25:30 GMT+0100 (heure normale d’Europe centrale)Query : SELECT username FROM ACCOUNTS WHERE id="_x{z&G&D05LsAHn" and email="mmm.mm@mm.mm" ;

Sat Feb 22 2025 17:25:41 GMT+0100 (heure normale d’Europe centrale)Query : SELECT * FROM ACCOUNTS WHERE id="_x{z&G&D05LsAHn" and username="mmm";

Sat Feb 22 2025 17:25:41 GMT+0100 (heure normale d’Europe centrale)Query : DELETE FROM ACCOUNTS WHERE id="_x{z&G&D05LsAHn";

Sat Feb 22 2025 17:25:53 GMT+0100 (heure normale d’Europe centrale)Query : SELECT * FROM ACCOUNTS WHERE username="mmm";

Sat Feb 22 2025 17:25:53 GMT+0100 (heure normale d’Europe centrale)Query : SELECT * FROM ACCOUNTS WHERE email="mmm.mm@mm.mm";
-----
 Query : INSERT INTO ACCOUNTS (id,username,email,password) VALUES ("nZ17Dfdce^fR+9<","mmm","mmm.mm@mm.mm","$Gy12345mmlvpl$");
 Date : Sat Feb 22 2025 17:25:53 GMT+0100 (heure normale d’Europe centrale)
-----

Sat Feb 22 2025 17:26:24 GMT+0100 (heure normale d’Europe centrale)Server in action

Sat Feb 22 2025 17:26:27 GMT+0100 (heure normale d’Europe centrale)Database launched Successfully.

Sat Feb 22 2025 17:26:32 GMT+0100 (heure normale d’Europe centrale)Server in action

Sat Feb 22 2025 17:26:34 GMT+0100 (heure normale d’Europe centrale)Server in action

Sat Feb 22 2025 17:26:34 GMT+0100 (heure normale d’Europe centrale)Database launched Successfully.

Sat Feb 22 2025 17:26:37 GMT+0100 (heure normale d’Europe centrale)Server in action

Sat Feb 22 2025 17:26:39 GMT+0100 (heure normale d’Europe centrale)Server in action

Sat Feb 22 2025 17:26:46 GMT+0100 (heure normale d’Europe centrale)Server in action

Sat Feb 22 2025 17:26:46 GMT+0100 (heure normale d’Europe centrale)Database launched Successfully.

Sat Feb 22 2025 17:26:55 GMT+0100 (heure normale d’Europe centrale)Server in action

Sat Feb 22 2025 17:35:14 GMT+0100 (heure normale d’Europe centrale)Server in action

Sat Feb 22 2025 17:35:15 GMT+0100 (heure normale d’Europe centrale)Database launched Successfully.

Sat Feb 22 2025 17:35:16 GMT+0100 (heure normale d’Europe centrale)Query : SELECT * FROM ACCOUNTS WHERE id="nZ17Dfdce^fR+9<" and username="mmm";

Sat Feb 22 2025 17:35:22 GMT+0100 (heure normale d’Europe centrale)Query : SELECT * FROM ACCOUNTS WHERE id="nZ17Dfdce^fR+9<" and username="mmm";

Sat Feb 22 2025 17:35:42 GMT+0100 (heure normale d’Europe centrale)Query : SELECT * FROM ACCOUNTS WHERE EMAIL="graiess.yo@outlook.fr" AND PASSWORD="anything";

Sat Feb 22 2025 17:35:42 GMT+0100 (heure normale d’Europe centrale)No user was found with these parameters

Sat Feb 22 2025 17:40:00 GMT+0100 (heure normale d’Europe centrale)Query : SELECT * FROM ACCOUNTS WHERE EMAIL="graiess.yo@outlook.fr" AND PASSWORD="anything";

Sat Feb 22 2025 17:40:00 GMT+0100 (heure normale d’Europe centrale)No user was found with these parameters

Sat Feb 22 2025 17:40:16 GMT+0100 (heure normale d’Europe centrale)Query : SELECT * FROM ACCOUNTS WHERE USERNAME="' OR '1'='1'; --" AND PASSWORD="anything";

Sat Feb 22 2025 17:40:16 GMT+0100 (heure normale d’Europe centrale)No user was found with these parameters

Sat Feb 22 2025 17:40:17 GMT+0100 (heure normale d’Europe centrale)Query : SELECT * FROM ACCOUNTS WHERE USERNAME="' OR '1'='1'; --" AND PASSWORD="anything";

Sat Feb 22 2025 17:40:17 GMT+0100 (heure normale d’Europe centrale)No user was found with these parameters

Sat Feb 22 2025 17:41:09 GMT+0100 (heure normale d’Europe centrale)Server in action

Sat Feb 22 2025 18:05:30 GMT+0100 (heure normale d’Europe centrale)Server in action

Sat Feb 22 2025 18:05:34 GMT+0100 (heure normale d’Europe centrale)Database launched Successfully.

Sat Feb 22 2025 18:10:08 GMT+0100 (heure normale d’Europe centrale)Query : SELECT * FROM ACCOUNTS WHERE USERNAME="' OR '1'='1'; --" AND PASSWORD="anything";

Sat Feb 22 2025 18:10:08 GMT+0100 (heure normale d’Europe centrale)No user was found with these parameters

Sat Feb 22 2025 18:10:54 GMT+0100 (heure normale d’Europe centrale)Query : SELECT * FROM ACCOUNTS WHERE USERNAME="' OR '1'='1'; --" AND PASSWORD="anything";

Sat Feb 22 2025 18:10:54 GMT+0100 (heure normale d’Europe centrale)No user was found with these parameters

Sat Feb 22 2025 18:11:24 GMT+0100 (heure normale d’Europe centrale)Query : SELECT * FROM ACCOUNTS WHERE USERNAME="' OR '1'='1'; --" AND PASSWORD="anything";

Sat Feb 22 2025 18:11:24 GMT+0100 (heure normale d’Europe centrale)No user was found with these parameters

Sat Feb 22 2025 18:11:51 GMT+0100 (heure normale d’Europe centrale)Server in action

Sat Feb 22 2025 18:11:52 GMT+0100 (heure normale d’Europe centrale)Database launched Successfully.

Sat Feb 22 2025 18:11:54 GMT+0100 (heure normale d’Europe centrale)Query : SELECT * FROM ACCOUNTS WHERE USERNAME="' OR '1'='1'; --" AND PASSWORD="anything";

Sat Feb 22 2025 18:11:54 GMT+0100 (heure normale d’Europe centrale)No user was found with these parameters

Sat Feb 22 2025 18:23:05 GMT+0100 (heure normale d’Europe centrale)Query : SELECT * FROM ACCOUNTS WHERE USERNAME="admin' --" AND PASSWORD="password";

Sat Feb 22 2025 18:23:05 GMT+0100 (heure normale d’Europe centrale)No user was found with these parameters

Sat Feb 22 2025 18:23:46 GMT+0100 (heure normale d’Europe centrale)Query : SELECT * FROM ACCOUNTS WHERE USERNAME="' OR '1'='1" AND PASSWORD="anything";

Sat Feb 22 2025 18:23:46 GMT+0100 (heure normale d’Europe centrale)No user was found with these parameters

Sat Feb 22 2025 18:24:12 GMT+0100 (heure normale d’Europe centrale)Query : SELECT * FROM ACCOUNTS WHERE USERNAME="' UNION SELECT null, null, user() --" AND PASSWORD="password";

Sat Feb 22 2025 18:24:12 GMT+0100 (heure normale d’Europe centrale)No user was found with these parameters

Sat Feb 22 2025 18:25:43 GMT+0100 (heure normale d’Europe centrale)Query : SELECT * FROM ACCOUNTS WHERE USERNAME="admin'; DROP TABLE users; --" AND PASSWORD="password";

Sat Feb 22 2025 18:25:43 GMT+0100 (heure normale d’Europe centrale)No user was found with these parameters

Sat Feb 22 2025 18:28:06 GMT+0100 (heure normale d’Europe centrale)Query : SELECT * FROM ACCOUNTS WHERE USERNAME="' OR '1'='1" AND PASSWORD="anything";

Sat Feb 22 2025 18:28:06 GMT+0100 (heure normale d’Europe centrale)No user was found with these parameters

Sat Feb 22 2025 18:30:47 GMT+0100 (heure normale d’Europe centrale)Query : SELECT * FROM ACCOUNTS WHERE USERNAME="' OR '1'='1" AND PASSWORD="anything";

Sat Feb 22 2025 18:30:47 GMT+0100 (heure normale d’Europe centrale)No user was found with these parameters

Sat Feb 22 2025 18:30:53 GMT+0100 (heure normale d’Europe centrale)Query : SELECT * FROM ACCOUNTS WHERE USERNAME="' OR '1'='1" AND PASSWORD="anything";

Sat Feb 22 2025 18:30:53 GMT+0100 (heure normale d’Europe centrale)No user was found with these parameters

Sat Feb 22 2025 18:31:03 GMT+0100 (heure normale d’Europe centrale)Query : SELECT * FROM ACCOUNTS WHERE USERNAME="' OR '1'='1" AND PASSWORD="anything";

Sat Feb 22 2025 18:31:03 GMT+0100 (heure normale d’Europe centrale)No user was found with these parameters

Sat Feb 22 2025 18:32:02 GMT+0100 (heure normale d’Europe centrale)Query : SELECT * FROM ACCOUNTS WHERE USERNAME="' OR '1'='1" AND PASSWORD="anything";

Sat Feb 22 2025 18:32:02 GMT+0100 (heure normale d’Europe centrale)No user was found with these parameters
